02-06 03:12:06	注册用户成功||
02-06 03:13:59	登录用户成功||
02-06 03:17:04	登录用户成功||
02-06 03:17:30	登录用户成功||
02-06 03:24:51	上传文件失败	{"error": "empty slice found"}
drive/pkg/logger.Error
	/app/pkg/logger/logger_Act.go:12
drive/internal/repo.(*fileRepo).UploadFile
	/app/internal/repo/file_repo.go:24
drive/internal/api/handlers.(*FileHandler).UploadFile
	/app/internal/api/handlers/file.go:52
github.com/gin-gonic/gin.(*Context).Next
	/go/pkg/mod/github.com/gin-gonic/gin@v1.11.0/context.go:192
drive/internal/api/routes.(*Router).Setup.AuthMiddleware.func2
	/app/internal/api/middlewares/auth.go:50
github.com/gin-gonic/gin.(*Context).Next
	/go/pkg/mod/github.com/gin-gonic/gin@v1.11.0/context.go:192
drive/internal/api/routes.(*Router).Setup.CORSMiddleware.func1
	/app/internal/api/middlewares/cors.go:26
github.com/gin-gonic/gin.(*Context).Next
	/go/pkg/mod/github.com/gin-gonic/gin@v1.11.0/context.go:192
github.com/gin-gonic/gin.CustomRecoveryWithWriter.func1
	/go/pkg/mod/github.com/gin-gonic/gin@v1.11.0/recovery.go:92
github.com/gin-gonic/gin.(*Context).Next
	/go/pkg/mod/github.com/gin-gonic/gin@v1.11.0/context.go:192
github.com/gin-gonic/gin.LoggerWithConfig.func1
	/go/pkg/mod/github.com/gin-gonic/gin@v1.11.0/logger.go:249
github.com/gin-gonic/gin.(*Context).Next
	/go/pkg/mod/github.com/gin-gonic/gin@v1.11.0/context.go:192
github.com/gin-gonic/gin.(*Engine).handleHTTPRequest
	/go/pkg/mod/github.com/gin-gonic/gin@v1.11.0/gin.go:689
github.com/gin-gonic/gin.(*Engine).ServeHTTP
	/go/pkg/mod/github.com/gin-gonic/gin@v1.11.0/gin.go:643
net/http.serverHandler.ServeHTTP
	/usr/local/go/src/net/http/server.go:3340
net/http.(*conn).serve
	/usr/local/go/src/net/http/server.go:2109||
02-06 03:27:33	上传文件失败	{"error": "empty slice found"}
drive/pkg/logger.Error
	/app/pkg/logger/logger_Act.go:12
drive/internal/repo.(*fileRepo).UploadFile
	/app/internal/repo/file_repo.go:24
drive/internal/api/handlers.(*FileHandler).UploadFile
	/app/internal/api/handlers/file.go:52
github.com/gin-gonic/gin.(*Context).Next
	/go/pkg/mod/github.com/gin-gonic/gin@v1.11.0/context.go:192
drive/internal/api/routes.(*Router).Setup.AuthMiddleware.func2
	/app/internal/api/middlewares/auth.go:50
github.com/gin-gonic/gin.(*Context).Next
	/go/pkg/mod/github.com/gin-gonic/gin@v1.11.0/context.go:192
drive/internal/api/routes.(*Router).Setup.CORSMiddleware.func1
	/app/internal/api/middlewares/cors.go:26
github.com/gin-gonic/gin.(*Context).Next
	/go/pkg/mod/github.com/gin-gonic/gin@v1.11.0/context.go:192
github.com/gin-gonic/gin.CustomRecoveryWithWriter.func1
	/go/pkg/mod/github.com/gin-gonic/gin@v1.11.0/recovery.go:92
github.com/gin-gonic/gin.(*Context).Next
	/go/pkg/mod/github.com/gin-gonic/gin@v1.11.0/context.go:192
github.com/gin-gonic/gin.LoggerWithConfig.func1
	/go/pkg/mod/github.com/gin-gonic/gin@v1.11.0/logger.go:249
github.com/gin-gonic/gin.(*Context).Next
	/go/pkg/mod/github.com/gin-gonic/gin@v1.11.0/context.go:192
github.com/gin-gonic/gin.(*Engine).handleHTTPRequest
	/go/pkg/mod/github.com/gin-gonic/gin@v1.11.0/gin.go:689
github.com/gin-gonic/gin.(*Engine).ServeHTTP
	/go/pkg/mod/github.com/gin-gonic/gin@v1.11.0/gin.go:643
net/http.serverHandler.ServeHTTP
	/usr/local/go/src/net/http/server.go:3340
net/http.(*conn).serve
	/usr/local/go/src/net/http/server.go:2109||
